current fitness :  0.27487210947961527
current fitness :  0.07857259266743828
current fitness :  0.12659745255380833
current fitness :  0.13355198675522445
current fitness :  0.0783329704665954
current fitness :  0.10694847501189665
current fitness :  0.016725619755398987
current fitness :  0.0309508981798487
current fitness :  0.05324319538411803
current fitness :  0.21154954209471058
current fitness :  -0.029263735205777557
current fitness :  -0.021119702124512182
current fitness :  -0.015453187033706574
current fitness :  -0.012650280323255686
current fitness :  -0.009892716034946286
current fitness :  -0.02603163976027597
current fitness :  -0.025794834767707334
current fitness :  -0.0238053106283554
current fitness :  -0.0323063309080891
current fitness :  -0.0342402297222382
current fitness :  -0.03259070457284082
current fitness :  0.016725619755398987
current fitness :  0.014597373519399715
current fitness :  0.0290970202705671
current fitness :  0.03475019941168609
current fitness :  0.03662497299490733
current fitness :  0.04716224846356005
current fitness :  0.04156857003855022
current fitness :  0.029948101910536287
current fitness :  0.03269128894596804
current fitness :  0.03980717708905986
current fitness :  0.041467075178103795
current fitness :  0.12534245859549972
current fitness :  0.12056704897825245
current fitness :  0.11125921567552015
current fitness :  0.11011314930095273
current fitness :  0.1125694451239891
current fitness :  0.10617309924191479
current fitness :  0.10507252634135414
current fitness :  0.10047332025155623
current fitness :  0.08996444420599964
current fitness :  0.10065887488494131
current fitness :  0.09041244237220453
current fitness :  0.5039031982782005
current fitness :  0.5039031982782005
current fitness :  0.5039031982782005
current fitness :  0.5039031982782005
current fitness :  0.5039031982782005
current fitness :  0.5039031982782005
current fitness :  0.5039031982782005
current fitness :  0.5039031982782005
current fitness :  0.5039031982782005
current fitness :  0.5039031982782005
current fitness :  0.5039031982782005
current fitness :  -0.03259070457284082
current fitness :  0.041467075178103795
current fitness :  0.09041244237220453
current fitness :  0.5039031982782005
current fitness :  -0.03259070457284082
current fitness :  0.041467075178103795
current fitness :  0.09041244237220453
current fitness :  0.5039031982782005
current fitness :  0.4518994111450346
current fitness :  0.19317070299120226
current fitness :  0.504760448440262
current fitness :  0.4518994111450346
current fitness :  0.19317070299120226
current fitness :  0.504760448440262
current fitness :  0.5062551754600944
current fitness :  0.4917436297477556
current fitness :  0.21446533822635697
current fitness :  0.5062551754600944
current fitness :  0.4917436297477556
current fitness :  0.21446533822635697
current fitness :  0.3573675245117216
current fitness :  0.4972209084697499
current fitness :  0.4954370486791158
current fitness :  0.3573675245117216
current fitness :  0.4972209084697499
current fitness :  0.4954370486791158
current fitness :  0.4917436297477556
current fitness :  0.4917436297477556
current fitness :  0.4906929160468694
current fitness :  0.4917436297477556
current fitness :  0.4917436297477556
current fitness :  0.4906929160468694
current fitness :  0.4917436297477556
current fitness :  0.4819783884364832
current fitness :  0.4917436297477556
current fitness :  0.4917436297477556
current fitness :  0.4819783884364832
current fitness :  0.4917436297477556
current fitness :  0.4917436297477556
current fitness :  0.4906929160468694
current fitness :  0.4917436297477556
current fitness :  0.4917436297477556
current fitness :  0.4906929160468694
current fitness :  0.4917436297477556
current fitness :  0.4917436297477556
current fitness :  0.4954370486791158
current fitness :  0.4917436297477556
current fitness :  0.4954370486791158
current fitness :  0.4946032153236507
current fitness :  0.4946032153236507
current fitness :  0.4946032153236507
current fitness :  0.4946032153236507
current fitness :  0.4946032153236507
current fitness :  0.4946032153236507
current fitness :  0.4946032153236507
current fitness :  0.4946032153236507
current fitness :  0.4946032153236507
current fitness :  0.4946032153236507
current fitness :  0.4946032153236507
current fitness :  0.4946032153236507
current fitness :  0.4946032153236507
current fitness :  0.4946032153236507
current fitness :  0.4954370486791158
current fitness :  0.4954370486791158
current fitness :  0.49657247663562076
current fitness :  0.4972209084697499
current fitness :  0.4972209084697499
current fitness :  0.4946032153236507
current fitness :  0.4946032153236507
current fitness :  0.4946032153236507
current fitness :  0.4946032153236507
current fitness :  0.4946032153236507
current fitness :  0.4946032153236507
current fitness :  0.4946032153236507
current fitness :  0.4946032153236507
current fitness :  0.4954370486791158
current fitness :  0.4954370486791158
current fitness :  0.4954370486791158
current fitness :  0.4972209084697499
current fitness :  0.4954370486791158
current fitness :  0.4972209084697499
current fitness :  0.4954370486791158
current fitness :  0.49657247663562076
current fitness :  0.49657247663562076
current fitness :  0.49657247663562076
current fitness :  0.49657247663562076
current fitness :  0.49657247663562076
current fitness :  0.49657247663562076
current fitness :  0.49657247663562076
current fitness :  0.49657247663562076
current fitness :  0.49657247663562076
current fitness :  0.49657247663562076
current fitness :  0.49657247663562076
current fitness :  0.49657247663562076
current fitness :  0.49657247663562076
current fitness :  0.49657247663562076
current fitness :  0.49657247663562076
current fitness :  0.49657247663562076
current fitness :  0.49657247663562076
current fitness :  0.49657247663562076
current fitness :  0.49657247663562076
current fitness :  0.49657247663562076
current fitness :  0.49657247663562076
current fitness :  0.49657247663562076
current fitness :  0.49657247663562076
current fitness :  0.49657247663562076
current fitness :  0.49657247663562076
current fitness :  0.49657247663562076
current fitness :  0.49657247663562076
current fitness :  0.49657247663562076
current fitness :  0.49657247663562076
current fitness :  0.49657247663562076
current fitness :  0.49657247663562076
current fitness :  0.49657247663562076
current fitness :  0.49657247663562076
current fitness :  0.49657247663562076
current fitness :  0.49657247663562076
current fitness :  0.49657247663562076
current fitness :  0.49657247663562076
current fitness :  0.49657247663562076
current fitness :  0.4954370486791158
current fitness :  0.4954370486791158
current fitness :  0.4954370486791158
current fitness :  0.4954370486791158
current fitness :  0.4954370486791158
current fitness :  0.4954370486791158
current fitness :  0.4960914302901188
current fitness :  0.4972209084697499
current fitness :  0.497810758629966
current fitness :  0.49657247663562076
current fitness :  0.49657247663562076
current fitness :  0.49657247663562076
current fitness :  0.4972209084697499
current fitness :  0.497810758629966
current fitness :  0.497810758629966
current fitness :  0.497810758629966
current fitness :  0.497810758629966
current fitness :  0.497810758629966
current fitness :  0.497810758629966
current fitness :  0.497810758629966
current fitness :  0.497810758629966
current fitness :  0.497810758629966
current fitness :  0.497810758629966
current fitness :  0.497810758629966
current fitness :  0.497810758629966
current fitness :  0.497810758629966
current fitness :  0.497810758629966
current fitness :  0.497810758629966
current fitness :  0.497810758629966
current fitness :  0.497810758629966
current fitness :  0.497810758629966
current fitness :  0.497810758629966
current fitness :  0.497810758629966
current fitness :  0.497810758629966
current fitness :  0.497810758629966
current fitness :  0.497810758629966
current fitness :  0.497810758629966
current fitness :  0.497810758629966
current fitness :  0.497810758629966
current fitness :  0.497810758629966
current fitness :  0.497810758629966
current fitness :  0.497810758629966
current fitness :  0.497810758629966
current fitness :  0.497810758629966
current fitness :  0.497810758629966
current fitness :  0.497810758629966
current fitness :  0.497810758629966
current fitness :  0.497810758629966
current fitness :  0.497810758629966
current fitness :  0.497810758629966
current fitness :  0.497810758629966
current fitness :  0.497810758629966
current fitness :  0.497810758629966
current fitness :  0.497810758629966
current fitness :  0.497810758629966
current fitness :  0.497810758629966
current fitness :  0.497810758629966
current fitness :  0.497810758629966
current fitness :  0.497810758629966
current fitness :  0.497810758629966
current fitness :  0.497810758629966
current fitness :  0.497810758629966
current fitness :  0.49885915461213565
current fitness :  0.497810758629966
current fitness :  0.4972209084697499
current fitness :  0.4972209084697499
current fitness :  0.497810758629966
current fitness :  0.4972209084697499
current fitness :  0.497810758629966
current fitness :  0.4972209084697499
current fitness :  0.4972209084697499
current fitness :  0.497810758629966
current fitness :  0.497810758629966
current fitness :  0.497810758629966
current fitness :  0.497810758629966
current fitness :  0.497810758629966
current fitness :  0.497810758629966
current fitness :  0.49885915461213565
current fitness :  0.49885915461213565
current fitness :  0.497810758629966
current fitness :  0.49885915461213565
current fitness :  0.500185295151043
current fitness :  0.4972209084697499
current fitness :  0.500185295151043
current fitness :  0.4972209084697499
current fitness :  0.500185295151043
current fitness :  0.4972209084697499
current fitness :  0.500185295151043
current fitness :  0.4972209084697499
current fitness :  0.500185295151043
current fitness :  0.4972209084697499
current fitness :  0.500185295151043
current fitness :  0.4972209084697499
current fitness :  0.500185295151043
current fitness :  0.4972209084697499
current fitness :  0.500185295151043
current fitness :  0.4972209084697499
current fitness :  0.500185295151043
current fitness :  0.4972209084697499
current fitness :  0.500185295151043
current fitness :  0.4972209084697499
current fitness :  0.500185295151043
current fitness :  0.4972209084697499
current fitness :  0.500185295151043
current fitness :  0.4972209084697499
current fitness :  0.500185295151043
current fitness :  0.4972209084697499
current fitness :  0.500185295151043
current fitness :  0.4972209084697499
current fitness :  0.500185295151043
current fitness :  0.4972209084697499
current fitness :  0.500185295151043
current fitness :  0.4972209084697499
current fitness :  0.500185295151043
current fitness :  0.4972209084697499
current fitness :  0.500185295151043
current fitness :  0.4972209084697499
current fitness :  0.500185295151043
current fitness :  0.4972209084697499
current fitness :  0.500185295151043
current fitness :  0.4972209084697499
current fitness :  0.500185295151043
current fitness :  0.4972209084697499
current fitness :  0.497810758629966
current fitness :  0.49885915461213565
current fitness :  0.49885915461213565
current fitness :  0.49885915461213565
current fitness :  0.49885915461213565
current fitness :  0.49885915461213565
current fitness :  0.497810758629966
current fitness :  0.497810758629966
current fitness :  0.49885915461213565
current fitness :  0.49885915461213565
current fitness :  0.500185295151043
current fitness :  0.497810758629966
current fitness :  0.497810758629966
current fitness :  0.497810758629966
current fitness :  0.497810758629966
current fitness :  0.497810758629966
current fitness :  0.497810758629966
current fitness :  0.497810758629966
current fitness :  0.49711532571670036
current fitness :  0.49657247663562076
current fitness :  0.4954370486791158
current fitness :  0.49885915461213565
current fitness :  0.4954370486791158
current fitness :  0.49885915461213565
current fitness :  0.4954370486791158
current fitness :  0.49885915461213565
current fitness :  0.4954370486791158
current fitness :  0.49885915461213565
current fitness :  0.4954370486791158
current fitness :  0.49885915461213565
current fitness :  0.4954370486791158
current fitness :  0.49885915461213565
current fitness :  0.4954370486791158
current fitness :  0.49885915461213565
current fitness :  0.4954370486791158
current fitness :  0.49885915461213565
current fitness :  0.4954370486791158
current fitness :  0.49885915461213565
current fitness :  0.4954370486791158
current fitness :  0.49885915461213565
current fitness :  0.4954370486791158
current fitness :  0.49885915461213565
current fitness :  0.4954370486791158
current fitness :  0.49885915461213565
current fitness :  0.4954370486791158
current fitness :  0.49885915461213565
current fitness :  0.4954370486791158
current fitness :  0.49885915461213565
current fitness :  0.4954370486791158
current fitness :  0.49885915461213565
current fitness :  0.4954370486791158
current fitness :  0.49885915461213565
current fitness :  0.4954370486791158
current fitness :  0.49885915461213565
current fitness :  0.4954370486791158
current fitness :  0.49885915461213565
current fitness :  0.4954370486791158
current fitness :  0.49885915461213565
current fitness :  0.4954370486791158
Best Fitness (Silhouette Coefficient): 0.5062551754600944
Cluster Centers:
 [[-5.85854152e+00  3.50842036e+00  8.55202712e-01 -1.08726306e+00
   4.66531641e-01 -4.46984790e+00  4.83116108e+00 -2.53931220e-01
  -4.93670549e+00  1.87535180e+00  1.29359350e+00  2.60966960e+00
  -2.62736724e+00 -5.35517453e+00  2.81781476e+00 -1.49532767e+00
   4.03554754e+00  2.42443045e+00  3.06204686e+00  1.18120135e-01
  -1.06020559e-01  1.83487444e+01  9.07361770e-02 -3.75880597e-01
   3.78360750e+00]
 [ 1.73727228e+00 -2.59086631e-01  1.86957061e+00  3.62082595e+00
   5.64333132e+00  4.45167891e+00  2.90231764e+00  3.21956431e+00
   4.58987835e-01  5.75596629e-01  1.66757864e+00  1.00986489e+00
   2.29469074e+00  2.82900275e+00  1.71612473e+00  1.44897918e+01
   2.94672982e+00 -7.03961910e-01 -4.78025337e-01  2.39828119e-02
   1.53914471e-01 -2.44251653e-01 -4.78344144e-02  1.51865522e-01
   2.10016483e+00]
 [-3.58681889e+00  2.79587537e+00 -3.54887955e+00 -5.36731164e+00
  -3.54096346e+00 -1.31416708e+00  3.13697038e+00 -5.03846034e-02
   2.15336863e+00  2.38639762e+00  1.36843362e+00  8.77123895e-01
  -7.88117790e-01  1.12341033e+00  5.19182191e+00 -1.97288139e+01
  -1.14404666e+01 -2.07237728e-01 -5.47735634e-01  4.69398189e-01
   8.41496479e-03 -9.15488223e-02 -4.18823994e-01  5.74613505e-02
   5.99539149e-01]]